<?xml version="1.0" encoding="UTF-8"?>
<!-- Generated by org.testng.reporters.JUnitXMLReporter -->
<testsuite hostname="IP-C6136007" name="WebDriverChrome" tests="1" failures="1" timestamp="23 Nov 2016 10:42:53 GMT" time="4.486" errors="0">
  <testcase name="f" time="0.007" classname="searchGoogle.searchTest">
    <failure type="java.lang.NullPointerException">
      <![CDATA[java.lang.NullPointerException
	at searchGoogle.searchPage.setKeyWord(searchPage.java:17)
	at searchGoogle.searchPage.sendKeyWordGoogle(searchPage.java:25)
	at searchGoogle.searchTest.f(searchTest.java:28)
... Removed 25 stack frames]]>
    </failure>
  </testcase> <!-- f -->
</testsuite> <!-- WebDriverChrome -->
