<?xml version="1.0" encoding="UTF-8"?>
<!-- Generated by org.testng.reporters.JUnitXMLReporter -->
<testsuite hostname="IP-C6136007" name="WebDriverIE" tests="1" failures="0" timestamp="23 Nov 2016 07:20:06 GMT" time="0.029" errors="0">
  <testcase name="@BeforeMethod testBrowser" time="0.0" classname="firstTestSelenium.NewTest">
    <failure type="java.lang.IllegalStateException" message="The driver executable does not exist: D:\Users\monica\Downloads\IEDriverServer_x64_2.42.0\IEdriver.exe">
      <![CDATA[java.lang.IllegalStateException: The driver executable does not exist: D:\Users\monica\Downloads\IEDriverServer_x64_2.42.0\IEdriver.exe
	at com.google.common.base.Preconditions.checkState(Preconditions.java:199)
	at org.openqa.selenium.remote.service.DriverService.checkExecutable(DriverService.java:121)
	at org.openqa.selenium.remote.service.DriverService.findExecutable(DriverService.java:116)
	at org.openqa.selenium.ie.InternetExplorerDriverService.access$000(InternetExplorerDriverService.java:32)
	at org.openqa.selenium.ie.InternetExplorerDriverService$Builder.findDefaultExecutable(InternetExplorerDriverService.java:167)
	at org.openqa.selenium.remote.service.DriverService$Builder.build(DriverService.java:296)
	at org.openqa.selenium.ie.InternetExplorerDriver.setupService(InternetExplorerDriver.java:248)
	at org.openqa.selenium.ie.InternetExplorerDriver.<init>(InternetExplorerDriver.java:170)
	at org.openqa.selenium.ie.InternetExplorerDriver.<init>(InternetExplorerDriver.java:144)
	at firstTestSelenium.NewTest.testBrowser(NewTest.java:51)
... Removed 27 stack frames]]>
    </failure>
  </testcase> <!-- @BeforeMethod testBrowser -->
  <testcase name="f" time="0.001" classname="firstTestSelenium.NewTest">
    <skipped/>
  </testcase> <!-- f -->
</testsuite> <!-- WebDriverIE -->
