<?xml version="1.0" encoding="UTF-8"?>
<testng-results skipped="0" failed="0" total="2" passed="2">
  <reporter-output>
  </reporter-output>
  <suite name="Suite" duration-ms="7818" started-at="2016-11-22T10:42:46Z" finished-at="2016-11-22T10:42:54Z">
    <groups>
    </groups>
    <test name="WebDriverFireFox" duration-ms="3685" started-at="2016-11-22T10:42:46Z" finished-at="2016-11-22T10:42:50Z">
      <class name="firstTestSelenium.NewTest">
        <test-method status="PASS" signature="testBrowser(java.lang.String)[pri:0, instance:firstTestSelenium.NewTest@91161c7]" name="testBrowser" is-config="true" duration-ms="3324" started-at="2016-11-22T02:42:46Z" finished-at="2016-11-22T02:42:50Z">
          <params>
            <param index="0">
              <value>
                <![CDATA[FF]]>
              </value>
            </param>
          </params>
          <reporter-output>
          </reporter-output>
        </test-method> <!-- testBrowser -->
        <test-method status="PASS" signature="f()[pri:0, instance:firstTestSelenium.NewTest@91161c7]" name="f" duration-ms="337" started-at="2016-11-22T02:42:50Z" finished-at="2016-11-22T02:42:50Z">
          <reporter-output>
          </reporter-output>
        </test-method> <!-- f -->
      </class> <!-- firstTestSelenium.NewTest -->
    </test> <!-- WebDriverFireFox -->
    <test name="WebDriverChrome" duration-ms="4115" started-at="2016-11-22T10:42:50Z" finished-at="2016-11-22T10:42:54Z">
      <class name="firstTestSelenium.NewTest">
        <test-method status="PASS" signature="testBrowser(java.lang.String)[pri:0, instance:firstTestSelenium.NewTest@f6c48ac]" name="testBrowser" is-config="true" duration-ms="2706" started-at="2016-11-22T02:42:50Z" finished-at="2016-11-22T02:42:53Z">
          <params>
            <param index="0">
              <value>
                <![CDATA[CH]]>
              </value>
            </param>
          </params>
          <reporter-output>
          </reporter-output>
        </test-method> <!-- testBrowser -->
        <test-method status="PASS" signature="f()[pri:0, instance:firstTestSelenium.NewTest@f6c48ac]" name="f" duration-ms="1406" started-at="2016-11-22T02:42:53Z" finished-at="2016-11-22T02:42:54Z">
          <reporter-output>
          </reporter-output>
        </test-method> <!-- f -->
      </class> <!-- firstTestSelenium.NewTest -->
    </test> <!-- WebDriverChrome -->
  </suite> <!-- Suite -->
</testng-results>
